21:40:03 **** Build of configuration Debug for project EstacaoMet ****
make -r all 
Building file: ../nRF24L01P/nRF24L01P.cpp
Invoking: MCU C++ Compiler
arm-none-eabi-c++ -D__NEWLIB__ -D__CODE_RED -DCPP_USE_HEAP -D__CORTEX_M3 -DTOOLCHAIN_GCC -DMBED_BUILD_TIMESTAMP=1456861434.86 -DTOOLCHAIN_GCC_CR -DARM_MATH_CM3 -DTARGET_LIKE_CORTEX_M3 -DTARGET_CORTEX_M -DTARGET_LIKE_MBED -DTARGET_LPC176X -DTARGET_NXP -DTARGET_LPC1768 -DTARGET_M3 -DTARGET_MBED_LPC1768 -D__MBED__=1 -I"C:\-WeatherStation\EstacaoMet" -I"C:\-WeatherStation\EstacaoMet\GPS" -I"C:\-WeatherStation\EstacaoMet\ConfigFile" -I"C:\-WeatherStation\EstacaoMet\Logger" -I"C:\-WeatherStation\EstacaoMet\nRF24L01P" -I"C:\-WeatherStation\EstacaoMet\PowerControl" -I"C:\-WeatherStation\EstacaoMet\SHTx" -I"C:\-WeatherStation\EstacaoMet\mbed" -I"C:\-WeatherStation\EstacaoMet\mbed\TARGET_LPC1768" -I"C:\-WeatherStation\EstacaoMet\mbed\TARGET_LPC1768\TARGET_NXP" -I"C:\-WeatherStation\EstacaoMet\mbed\TARGET_LPC1768\TARGET_NXP\TARGET_LPC176X" -I"C:\-WeatherStation\EstacaoMet\mbed\TARGET_LPC1768\TARGET_NXP\TARGET_LPC176X\TARGET_MBED_LPC1768" -I"C:\-WeatherStation\EstacaoMet\mbed\TARGET_LPC1768\TOOLCHAIN_GCC_CR" -O0 -g3 -Wall -c -fmessage-length=0 -fno-builtin -ffunction-sections -fdata-sections -fno-exceptions -fno-rtti -mcpu=cortex-m3 -mthumb -D__NEWLIB__ -MMD -MP -MF"nRF24L01P/nRF24L01P.d" -MT"nRF24L01P/nRF24L01P.o" -MT"nRF24L01P/nRF24L01P.d" -o "nRF24L01P/nRF24L01P.o" "../nRF24L01P/nRF24L01P.cpp"
Finished building: ../nRF24L01P/nRF24L01P.cpp
 
Building file: ../StateMachine/StateMachine.cpp
Invoking: MCU C++ Compiler
arm-none-eabi-c++ -D__NEWLIB__ -D__CODE_RED -DCPP_USE_HEAP -D__CORTEX_M3 -DTOOLCHAIN_GCC -DMBED_BUILD_TIMESTAMP=1456861434.86 -DTOOLCHAIN_GCC_CR -DARM_MATH_CM3 -DTARGET_LIKE_CORTEX_M3 -DTARGET_CORTEX_M -DTARGET_LIKE_MBED -DTARGET_LPC176X -DTARGET_NXP -DTARGET_LPC1768 -DTARGET_M3 -DTARGET_MBED_LPC1768 -D__MBED__=1 -I"C:\-WeatherStation\EstacaoMet" -I"C:\-WeatherStation\EstacaoMet\GPS" -I"C:\-WeatherStation\EstacaoMet\ConfigFile" -I"C:\-WeatherStation\EstacaoMet\Logger" -I"C:\-WeatherStation\EstacaoMet\nRF24L01P" -I"C:\-WeatherStation\EstacaoMet\PowerControl" -I"C:\-WeatherStation\EstacaoMet\SHTx" -I"C:\-WeatherStation\EstacaoMet\mbed" -I"C:\-WeatherStation\EstacaoMet\mbed\TARGET_LPC1768" -I"C:\-WeatherStation\EstacaoMet\mbed\TARGET_LPC1768\TARGET_NXP" -I"C:\-WeatherStation\EstacaoMet\mbed\TARGET_LPC1768\TARGET_NXP\TARGET_LPC176X" -I"C:\-WeatherStation\EstacaoMet\mbed\TARGET_LPC1768\TARGET_NXP\TARGET_LPC176X\TARGET_MBED_LPC1768" -I"C:\-WeatherStation\EstacaoMet\mbed\TARGET_LPC1768\TOOLCHAIN_GCC_CR" -O0 -g3 -Wall -c -fmessage-length=0 -fno-builtin -ffunction-sections -fdata-sections -fno-exceptions -fno-rtti -mcpu=cortex-m3 -mthumb -D__NEWLIB__ -MMD -MP -MF"StateMachine/StateMachine.d" -MT"StateMachine/StateMachine.o" -MT"StateMachine/StateMachine.d" -o "StateMachine/StateMachine.o" "../StateMachine/StateMachine.cpp"
Finished building: ../StateMachine/StateMachine.cpp
 
Building file: ../SHTx/i2c.cpp
Invoking: MCU C++ Compiler
arm-none-eabi-c++ -D__NEWLIB__ -D__CODE_RED -DCPP_USE_HEAP -D__CORTEX_M3 -DTOOLCHAIN_GCC -DMBED_BUILD_TIMESTAMP=1456861434.86 -DTOOLCHAIN_GCC_CR -DARM_MATH_CM3 -DTARGET_LIKE_CORTEX_M3 -DTARGET_CORTEX_M -DTARGET_LIKE_MBED -DTARGET_LPC176X -DTARGET_NXP -DTARGET_LPC1768 -DTARGET_M3 -DTARGET_MBED_LPC1768 -D__MBED__=1 -I"C:\-WeatherStation\EstacaoMet" -I"C:\-WeatherStation\EstacaoMet\GPS" -I"C:\-WeatherStation\EstacaoMet\ConfigFile" -I"C:\-WeatherStation\EstacaoMet\Logger" -I"C:\-WeatherStation\EstacaoMet\nRF24L01P" -I"C:\-WeatherStation\EstacaoMet\PowerControl" -I"C:\-WeatherStation\EstacaoMet\SHTx" -I"C:\-WeatherStation\EstacaoMet\mbed" -I"C:\-WeatherStation\EstacaoMet\mbed\TARGET_LPC1768" -I"C:\-WeatherStation\EstacaoMet\mbed\TARGET_LPC1768\TARGET_NXP" -I"C:\-WeatherStation\EstacaoMet\mbed\TARGET_LPC1768\TARGET_NXP\TARGET_LPC176X" -I"C:\-WeatherStation\EstacaoMet\mbed\TARGET_LPC1768\TARGET_NXP\TARGET_LPC176X\TARGET_MBED_LPC1768" -I"C:\-WeatherStation\EstacaoMet\mbed\TARGET_LPC1768\TOOLCHAIN_GCC_CR" -O0 -g3 -Wall -c -fmessage-length=0 -fno-builtin -ffunction-sections -fdata-sections -fno-exceptions -fno-rtti -mcpu=cortex-m3 -mthumb -D__NEWLIB__ -MMD -MP -MF"SHTx/i2c.d" -MT"SHTx/i2c.o" -MT"SHTx/i2c.d" -o "SHTx/i2c.o" "../SHTx/i2c.cpp"
Finished building: ../SHTx/i2c.cpp
 
Building file: ../SHTx/sht15.cpp
Invoking: MCU C++ Compiler
arm-none-eabi-c++ -D__NEWLIB__ -D__CODE_RED -DCPP_USE_HEAP -D__CORTEX_M3 -DTOOLCHAIN_GCC -DMBED_BUILD_TIMESTAMP=1456861434.86 -DTOOLCHAIN_GCC_CR -DARM_MATH_CM3 -DTARGET_LIKE_CORTEX_M3 -DTARGET_CORTEX_M -DTARGET_LIKE_MBED -DTARGET_LPC176X -DTARGET_NXP -DTARGET_LPC1768 -DTARGET_M3 -DTARGET_MBED_LPC1768 -D__MBED__=1 -I"C:\-WeatherStation\EstacaoMet" -I"C:\-WeatherStation\EstacaoMet\GPS" -I"C:\-WeatherStation\EstacaoMet\ConfigFile" -I"C:\-WeatherStation\EstacaoMet\Logger" -I"C:\-WeatherStation\EstacaoMet\nRF24L01P" -I"C:\-WeatherStation\EstacaoMet\PowerControl" -I"C:\-WeatherStation\EstacaoMet\SHTx" -I"C:\-WeatherStation\EstacaoMet\mbed" -I"C:\-WeatherStation\EstacaoMet\mbed\TARGET_LPC1768" -I"C:\-WeatherStation\EstacaoMet\mbed\TARGET_LPC1768\TARGET_NXP" -I"C:\-WeatherStation\EstacaoMet\mbed\TARGET_LPC1768\TARGET_NXP\TARGET_LPC176X" -I"C:\-WeatherStation\EstacaoMet\mbed\TARGET_LPC1768\TARGET_NXP\TARGET_LPC176X\TARGET_MBED_LPC1768" -I"C:\-WeatherStation\EstacaoMet\mbed\TARGET_LPC1768\TOOLCHAIN_GCC_CR" -O0 -g3 -Wall -c -fmessage-length=0 -fno-builtin -ffunction-sections -fdata-sections -fno-exceptions -fno-rtti -mcpu=cortex-m3 -mthumb -D__NEWLIB__ -MMD -MP -MF"SHTx/sht15.d" -MT"SHTx/sht15.o" -MT"SHTx/sht15.d" -o "SHTx/sht15.o" "../SHTx/sht15.cpp"
Finished building: ../SHTx/sht15.cpp
 
Building file: ../ResultStateInjector/Main.cpp
Invoking: MCU C++ Compiler
arm-none-eabi-c++ -D__NEWLIB__ -D__CODE_RED -DCPP_USE_HEAP -D__CORTEX_M3 -DTOOLCHAIN_GCC -DMBED_BUILD_TIMESTAMP=1456861434.86 -DTOOLCHAIN_GCC_CR -DARM_MATH_CM3 -DTARGET_LIKE_CORTEX_M3 -DTARGET_CORTEX_M -DTARGET_LIKE_MBED -DTARGET_LPC176X -DTARGET_NXP -DTARGET_LPC1768 -DTARGET_M3 -DTARGET_MBED_LPC1768 -D__MBED__=1 -I"C:\-WeatherStation\EstacaoMet" -I"C:\-WeatherStation\EstacaoMet\GPS" -I"C:\-WeatherStation\EstacaoMet\ConfigFile" -I"C:\-WeatherStation\EstacaoMet\Logger" -I"C:\-WeatherStation\EstacaoMet\nRF24L01P" -I"C:\-WeatherStation\EstacaoMet\PowerControl" -I"C:\-WeatherStation\EstacaoMet\SHTx" -I"C:\-WeatherStation\EstacaoMet\mbed" -I"C:\-WeatherStation\EstacaoMet\mbed\TARGET_LPC1768" -I"C:\-WeatherStation\EstacaoMet\mbed\TARGET_LPC1768\TARGET_NXP" -I"C:\-WeatherStation\EstacaoMet\mbed\TARGET_LPC1768\TARGET_NXP\TARGET_LPC176X" -I"C:\-WeatherStation\EstacaoMet\mbed\TARGET_LPC1768\TARGET_NXP\TARGET_LPC176X\TARGET_MBED_LPC1768" -I"C:\-WeatherStation\EstacaoMet\mbed\TARGET_LPC1768\TOOLCHAIN_GCC_CR" -O0 -g3 -Wall -c -fmessage-length=0 -fno-builtin -ffunction-sections -fdata-sections -fno-exceptions -fno-rtti -mcpu=cortex-m3 -mthumb -D__NEWLIB__ -MMD -MP -MF"ResultStateInjector/Main.d" -MT"ResultStateInjector/Main.o" -MT"ResultStateInjector/Main.d" -o "ResultStateInjector/Main.o" "../ResultStateInjector/Main.cpp"
In file included from ../ResultStateInjector/../FaultRecovery/StateMachine.h:22:0,
                 from ../ResultStateInjector/ResultStateWTApp.h:12,
                 from ../ResultStateInjector/Main.cpp:8:
C:\-WeatherStation\EstacaoMet\ConfigFile/ConfigFile.h: In member function 'void ConfigFile::setLongLong(std::string, long long int)':
C:\-WeatherStation\EstacaoMet\ConfigFile/ConfigFile.h:172:33: warning: conversion lacks type at end of format [-Wformat=]
   std::sprintf(buf, "%ll", value);
                                 ^
C:\-WeatherStation\EstacaoMet\ConfigFile/ConfigFile.h:172:33: warning: too many arguments for format [-Wformat-extra-args]
C:\-WeatherStation\EstacaoMet\ConfigFile/ConfigFile.h: In member function 'void ConfigFile::setLongDouble(std::string, long double)':
C:\-WeatherStation\EstacaoMet\ConfigFile/ConfigFile.h:196:32: warning: conversion lacks type at end of format [-Wformat=]
   std::sprintf(buf, "%L", value);
                                ^
C:\-WeatherStation\EstacaoMet\ConfigFile/ConfigFile.h:196:32: warning: too many arguments for format [-Wformat-extra-args]
Finished building: ../ResultStateInjector/Main.cpp
 
Building file: ../ResultStateInjector/ResultStateWTApp.cpp
Invoking: MCU C++ Compiler
arm-none-eabi-c++ -D__NEWLIB__ -D__CODE_RED -DCPP_USE_HEAP -D__CORTEX_M3 -DTOOLCHAIN_GCC -DMBED_BUILD_TIMESTAMP=1456861434.86 -DTOOLCHAIN_GCC_CR -DARM_MATH_CM3 -DTARGET_LIKE_CORTEX_M3 -DTARGET_CORTEX_M -DTARGET_LIKE_MBED -DTARGET_LPC176X -DTARGET_NXP -DTARGET_LPC1768 -DTARGET_M3 -DTARGET_MBED_LPC1768 -D__MBED__=1 -I"C:\-WeatherStation\EstacaoMet" -I"C:\-WeatherStation\EstacaoMet\GPS" -I"C:\-WeatherStation\EstacaoMet\ConfigFile" -I"C:\-WeatherStation\EstacaoMet\Logger" -I"C:\-WeatherStation\EstacaoMet\nRF24L01P" -I"C:\-WeatherStation\EstacaoMet\PowerControl" -I"C:\-WeatherStation\EstacaoMet\SHTx" -I"C:\-WeatherStation\EstacaoMet\mbed" -I"C:\-WeatherStation\EstacaoMet\mbed\TARGET_LPC1768" -I"C:\-WeatherStation\EstacaoMet\mbed\TARGET_LPC1768\TARGET_NXP" -I"C:\-WeatherStation\EstacaoMet\mbed\TARGET_LPC1768\TARGET_NXP\TARGET_LPC176X" -I"C:\-WeatherStation\EstacaoMet\mbed\TARGET_LPC1768\TARGET_NXP\TARGET_LPC176X\TARGET_MBED_LPC1768" -I"C:\-WeatherStation\EstacaoMet\mbed\TARGET_LPC1768\TOOLCHAIN_GCC_CR" -O0 -g3 -Wall -c -fmessage-length=0 -fno-builtin -ffunction-sections -fdata-sections -fno-exceptions -fno-rtti -mcpu=cortex-m3 -mthumb -D__NEWLIB__ -MMD -MP -MF"ResultStateInjector/ResultStateWTApp.d" -MT"ResultStateInjector/ResultStateWTApp.o" -MT"ResultStateInjector/ResultStateWTApp.d" -o "ResultStateInjector/ResultStateWTApp.o" "../ResultStateInjector/ResultStateWTApp.cpp"
In file included from ../ResultStateInjector/../FaultRecovery/StateMachine.h:22:0,
                 from ../ResultStateInjector/ResultStateWTApp.h:12,
                 from ../ResultStateInjector/ResultStateWTApp.cpp:8:
C:\-WeatherStation\EstacaoMet\ConfigFile/ConfigFile.h: In member function 'void ConfigFile::setLongLong(std::string, long long int)':
C:\-WeatherStation\EstacaoMet\ConfigFile/ConfigFile.h:172:33: warning: conversion lacks type at end of format [-Wformat=]
   std::sprintf(buf, "%ll", value);
                                 ^
C:\-WeatherStation\EstacaoMet\ConfigFile/ConfigFile.h:172:33: warning: too many arguments for format [-Wformat-extra-args]
C:\-WeatherStation\EstacaoMet\ConfigFile/ConfigFile.h: In member function 'void ConfigFile::setLongDouble(std::string, long double)':
C:\-WeatherStation\EstacaoMet\ConfigFile/ConfigFile.h:196:32: warning: conversion lacks type at end of format [-Wformat=]
   std::sprintf(buf, "%L", value);
                                ^
C:\-WeatherStation\EstacaoMet\ConfigFile/ConfigFile.h:196:32: warning: too many arguments for format [-Wformat-extra-args]
Finished building: ../ResultStateInjector/ResultStateWTApp.cpp
 
Building file: ../PowerControl/EthernetPowerControl.cpp
Invoking: MCU C++ Compiler
arm-none-eabi-c++ -D__NEWLIB__ -D__CODE_RED -DCPP_USE_HEAP -D__CORTEX_M3 -DTOOLCHAIN_GCC -DMBED_BUILD_TIMESTAMP=1456861434.86 -DTOOLCHAIN_GCC_CR -DARM_MATH_CM3 -DTARGET_LIKE_CORTEX_M3 -DTARGET_CORTEX_M -DTARGET_LIKE_MBED -DTARGET_LPC176X -DTARGET_NXP -DTARGET_LPC1768 -DTARGET_M3 -DTARGET_MBED_LPC1768 -D__MBED__=1 -I"C:\-WeatherStation\EstacaoMet" -I"C:\-WeatherStation\EstacaoMet\GPS" -I"C:\-WeatherStation\EstacaoMet\ConfigFile" -I"C:\-WeatherStation\EstacaoMet\Logger" -I"C:\-WeatherStation\EstacaoMet\nRF24L01P" -I"C:\-WeatherStation\EstacaoMet\PowerControl" -I"C:\-WeatherStation\EstacaoMet\SHTx" -I"C:\-WeatherStation\EstacaoMet\mbed" -I"C:\-WeatherStation\EstacaoMet\mbed\TARGET_LPC1768" -I"C:\-WeatherStation\EstacaoMet\mbed\TARGET_LPC1768\TARGET_NXP" -I"C:\-WeatherStation\EstacaoMet\mbed\TARGET_LPC1768\TARGET_NXP\TARGET_LPC176X" -I"C:\-WeatherStation\EstacaoMet\mbed\TARGET_LPC1768\TARGET_NXP\TARGET_LPC176X\TARGET_MBED_LPC1768" -I"C:\-WeatherStation\EstacaoMet\mbed\TARGET_LPC1768\TOOLCHAIN_GCC_CR" -O0 -g3 -Wall -c -fmessage-length=0 -fno-builtin -ffunction-sections -fdata-sections -fno-exceptions -fno-rtti -mcpu=cortex-m3 -mthumb -D__NEWLIB__ -MMD -MP -MF"PowerControl/EthernetPowerControl.d" -MT"PowerControl/EthernetPowerControl.o" -MT"PowerControl/EthernetPowerControl.d" -o "PowerControl/EthernetPowerControl.o" "../PowerControl/EthernetPowerControl.cpp"
Finished building: ../PowerControl/EthernetPowerControl.cpp
 
Building file: ../Logger/Logger.cpp
Invoking: MCU C++ Compiler
arm-none-eabi-c++ -D__NEWLIB__ -D__CODE_RED -DCPP_USE_HEAP -D__CORTEX_M3 -DTOOLCHAIN_GCC -DMBED_BUILD_TIMESTAMP=1456861434.86 -DTOOLCHAIN_GCC_CR -DARM_MATH_CM3 -DTARGET_LIKE_CORTEX_M3 -DTARGET_CORTEX_M -DTARGET_LIKE_MBED -DTARGET_LPC176X -DTARGET_NXP -DTARGET_LPC1768 -DTARGET_M3 -DTARGET_MBED_LPC1768 -D__MBED__=1 -I"C:\-WeatherStation\EstacaoMet" -I"C:\-WeatherStation\EstacaoMet\GPS" -I"C:\-WeatherStation\EstacaoMet\ConfigFile" -I"C:\-WeatherStation\EstacaoMet\Logger" -I"C:\-WeatherStation\EstacaoMet\nRF24L01P" -I"C:\-WeatherStation\EstacaoMet\PowerControl" -I"C:\-WeatherStation\EstacaoMet\SHTx" -I"C:\-WeatherStation\EstacaoMet\mbed" -I"C:\-WeatherStation\EstacaoMet\mbed\TARGET_LPC1768" -I"C:\-WeatherStation\EstacaoMet\mbed\TARGET_LPC1768\TARGET_NXP" -I"C:\-WeatherStation\EstacaoMet\mbed\TARGET_LPC1768\TARGET_NXP\TARGET_LPC176X" -I"C:\-WeatherStation\EstacaoMet\mbed\TARGET_LPC1768\TARGET_NXP\TARGET_LPC176X\TARGET_MBED_LPC1768" -I"C:\-WeatherStation\EstacaoMet\mbed\TARGET_LPC1768\TOOLCHAIN_GCC_CR" -O0 -g3 -Wall -c -fmessage-length=0 -fno-builtin -ffunction-sections -fdata-sections -fno-exceptions -fno-rtti -mcpu=cortex-m3 -mthumb -D__NEWLIB__ -MMD -MP -MF"Logger/Logger.d" -MT"Logger/Logger.o" -MT"Logger/Logger.d" -o "Logger/Logger.o" "../Logger/Logger.cpp"
Finished building: ../Logger/Logger.cpp
 
Building file: ../IAP/IAP.cpp
Invoking: MCU C++ Compiler
arm-none-eabi-c++ -D__NEWLIB__ -D__CODE_RED -DCPP_USE_HEAP -D__CORTEX_M3 -DTOOLCHAIN_GCC -DMBED_BUILD_TIMESTAMP=1456861434.86 -DTOOLCHAIN_GCC_CR -DARM_MATH_CM3 -DTARGET_LIKE_CORTEX_M3 -DTARGET_CORTEX_M -DTARGET_LIKE_MBED -DTARGET_LPC176X -DTARGET_NXP -DTARGET_LPC1768 -DTARGET_M3 -DTARGET_MBED_LPC1768 -D__MBED__=1 -I"C:\-WeatherStation\EstacaoMet" -I"C:\-WeatherStation\EstacaoMet\GPS" -I"C:\-WeatherStation\EstacaoMet\ConfigFile" -I"C:\-WeatherStation\EstacaoMet\Logger" -I"C:\-WeatherStation\EstacaoMet\nRF24L01P" -I"C:\-WeatherStation\EstacaoMet\PowerControl" -I"C:\-WeatherStation\EstacaoMet\SHTx" -I"C:\-WeatherStation\EstacaoMet\mbed" -I"C:\-WeatherStation\EstacaoMet\mbed\TARGET_LPC1768" -I"C:\-WeatherStation\EstacaoMet\mbed\TARGET_LPC1768\TARGET_NXP" -I"C:\-WeatherStation\EstacaoMet\mbed\TARGET_LPC1768\TARGET_NXP\TARGET_LPC176X" -I"C:\-WeatherStation\EstacaoMet\mbed\TARGET_LPC1768\TARGET_NXP\TARGET_LPC176X\TARGET_MBED_LPC1768" -I"C:\-WeatherStation\EstacaoMet\mbed\TARGET_LPC1768\TOOLCHAIN_GCC_CR" -O0 -g3 -Wall -c -fmessage-length=0 -fno-builtin -ffunction-sections -fdata-sections -fno-exceptions -fno-rtti -mcpu=cortex-m3 -mthumb -D__NEWLIB__ -MMD -MP -MF"IAP/IAP.d" -MT"IAP/IAP.o" -MT"IAP/IAP.d" -o "IAP/IAP.o" "../IAP/IAP.cpp"
../IAP/IAP.cpp:36:150: warning: 'zero_init' attribute directive ignored [-Wattributes]
 unsigned char user_area[ USER_FLASH_AREA_SIZE ] __attribute__((section( ".ARM.__at_" USER_FLASH_AREA_START_STR( USER_FLASH_AREA_START ) ), zero_init));
                                                                                                                                                      ^
In file included from ../IAP/IAP.cpp:31:0:
../IAP/IAP.h:121:15: warning: 'sector_start_adress' defined but not used [-Wunused-variable]
 static char * sector_start_adress[]    = {
               ^
Finished building: ../IAP/IAP.cpp
 
Building file: ../GPS/GPS.cpp
Invoking: MCU C++ Compiler
arm-none-eabi-c++ -D__NEWLIB__ -D__CODE_RED -DCPP_USE_HEAP -D__CORTEX_M3 -DTOOLCHAIN_GCC -DMBED_BUILD_TIMESTAMP=1456861434.86 -DTOOLCHAIN_GCC_CR -DARM_MATH_CM3 -DTARGET_LIKE_CORTEX_M3 -DTARGET_CORTEX_M -DTARGET_LIKE_MBED -DTARGET_LPC176X -DTARGET_NXP -DTARGET_LPC1768 -DTARGET_M3 -DTARGET_MBED_LPC1768 -D__MBED__=1 -I"C:\-WeatherStation\EstacaoMet" -I"C:\-WeatherStation\EstacaoMet\GPS" -I"C:\-WeatherStation\EstacaoMet\ConfigFile" -I"C:\-WeatherStation\EstacaoMet\Logger" -I"C:\-WeatherStation\EstacaoMet\nRF24L01P" -I"C:\-WeatherStation\EstacaoMet\PowerControl" -I"C:\-WeatherStation\EstacaoMet\SHTx" -I"C:\-WeatherStation\EstacaoMet\mbed" -I"C:\-WeatherStation\EstacaoMet\mbed\TARGET_LPC1768" -I"C:\-WeatherStation\EstacaoMet\mbed\TARGET_LPC1768\TARGET_NXP" -I"C:\-WeatherStation\EstacaoMet\mbed\TARGET_LPC1768\TARGET_NXP\TARGET_LPC176X" -I"C:\-WeatherStation\EstacaoMet\mbed\TARGET_LPC1768\TARGET_NXP\TARGET_LPC176X\TARGET_MBED_LPC1768" -I"C:\-WeatherStation\EstacaoMet\mbed\TARGET_LPC1768\TOOLCHAIN_GCC_CR" -O0 -g3 -Wall -c -fmessage-length=0 -fno-builtin -ffunction-sections -fdata-sections -fno-exceptions -fno-rtti -mcpu=cortex-m3 -mthumb -D__NEWLIB__ -MMD -MP -MF"GPS/GPS.d" -MT"GPS/GPS.o" -MT"GPS/GPS.d" -o "GPS/GPS.o" "../GPS/GPS.cpp"
Finished building: ../GPS/GPS.cpp
 
Building file: ../FaultRecovery/ParkingApp.cpp
Invoking: MCU C++ Compiler
arm-none-eabi-c++ -D__NEWLIB__ -D__CODE_RED -DCPP_USE_HEAP -D__CORTEX_M3 -DTOOLCHAIN_GCC -DMBED_BUILD_TIMESTAMP=1456861434.86 -DTOOLCHAIN_GCC_CR -DARM_MATH_CM3 -DTARGET_LIKE_CORTEX_M3 -DTARGET_CORTEX_M -DTARGET_LIKE_MBED -DTARGET_LPC176X -DTARGET_NXP -DTARGET_LPC1768 -DTARGET_M3 -DTARGET_MBED_LPC1768 -D__MBED__=1 -I"C:\-WeatherStation\EstacaoMet" -I"C:\-WeatherStation\EstacaoMet\GPS" -I"C:\-WeatherStation\EstacaoMet\ConfigFile" -I"C:\-WeatherStation\EstacaoMet\Logger" -I"C:\-WeatherStation\EstacaoMet\nRF24L01P" -I"C:\-WeatherStation\EstacaoMet\PowerControl" -I"C:\-WeatherStation\EstacaoMet\SHTx" -I"C:\-WeatherStation\EstacaoMet\mbed" -I"C:\-WeatherStation\EstacaoMet\mbed\TARGET_LPC1768" -I"C:\-WeatherStation\EstacaoMet\mbed\TARGET_LPC1768\TARGET_NXP" -I"C:\-WeatherStation\EstacaoMet\mbed\TARGET_LPC1768\TARGET_NXP\TARGET_LPC176X" -I"C:\-WeatherStation\EstacaoMet\mbed\TARGET_LPC1768\TARGET_NXP\TARGET_LPC176X\TARGET_MBED_LPC1768" -I"C:\-WeatherStation\EstacaoMet\mbed\TARGET_LPC1768\TOOLCHAIN_GCC_CR" -O0 -g3 -Wall -c -fmessage-length=0 -fno-builtin -ffunction-sections -fdata-sections -fno-exceptions -fno-rtti -mcpu=cortex-m3 -mthumb -D__NEWLIB__ -MMD -MP -MF"FaultRecovery/ParkingApp.d" -MT"FaultRecovery/ParkingApp.o" -MT"FaultRecovery/ParkingApp.d" -o "FaultRecovery/ParkingApp.o" "../FaultRecovery/ParkingApp.cpp"
In file included from ../FaultRecovery/StateMachine.h:22:0,
                 from ../FaultRecovery/ParkingApp.h:24,
                 from ../FaultRecovery/ParkingApp.cpp:18:
C:\-WeatherStation\EstacaoMet\ConfigFile/ConfigFile.h: In member function 'void ConfigFile::setLongLong(std::string, long long int)':
C:\-WeatherStation\EstacaoMet\ConfigFile/ConfigFile.h:172:33: warning: conversion lacks type at end of format [-Wformat=]
   std::sprintf(buf, "%ll", value);
                                 ^
C:\-WeatherStation\EstacaoMet\ConfigFile/ConfigFile.h:172:33: warning: too many arguments for format [-Wformat-extra-args]
C:\-WeatherStation\EstacaoMet\ConfigFile/ConfigFile.h: In member function 'void ConfigFile::setLongDouble(std::string, long double)':
C:\-WeatherStation\EstacaoMet\ConfigFile/ConfigFile.h:196:32: warning: conversion lacks type at end of format [-Wformat=]
   std::sprintf(buf, "%L", value);
                                ^
C:\-WeatherStation\EstacaoMet\ConfigFile/ConfigFile.h:196:32: warning: too many arguments for format [-Wformat-extra-args]
Finished building: ../FaultRecovery/ParkingApp.cpp
 
Building file: ../FaultRecovery/StateMachine.cpp
Invoking: MCU C++ Compiler
arm-none-eabi-c++ -D__NEWLIB__ -D__CODE_RED -DCPP_USE_HEAP -D__CORTEX_M3 -DTOOLCHAIN_GCC -DMBED_BUILD_TIMESTAMP=1456861434.86 -DTOOLCHAIN_GCC_CR -DARM_MATH_CM3 -DTARGET_LIKE_CORTEX_M3 -DTARGET_CORTEX_M -DTARGET_LIKE_MBED -DTARGET_LPC176X -DTARGET_NXP -DTARGET_LPC1768 -DTARGET_M3 -DTARGET_MBED_LPC1768 -D__MBED__=1 -I"C:\-WeatherStation\EstacaoMet" -I"C:\-WeatherStation\EstacaoMet\GPS" -I"C:\-WeatherStation\EstacaoMet\ConfigFile" -I"C:\-WeatherStation\EstacaoMet\Logger" -I"C:\-WeatherStation\EstacaoMet\nRF24L01P" -I"C:\-WeatherStation\EstacaoMet\PowerControl" -I"C:\-WeatherStation\EstacaoMet\SHTx" -I"C:\-WeatherStation\EstacaoMet\mbed" -I"C:\-WeatherStation\EstacaoMet\mbed\TARGET_LPC1768" -I"C:\-WeatherStation\EstacaoMet\mbed\TARGET_LPC1768\TARGET_NXP" -I"C:\-WeatherStation\EstacaoMet\mbed\TARGET_LPC1768\TARGET_NXP\TARGET_LPC176X" -I"C:\-WeatherStation\EstacaoMet\mbed\TARGET_LPC1768\TARGET_NXP\TARGET_LPC176X\TARGET_MBED_LPC1768" -I"C:\-WeatherStation\EstacaoMet\mbed\TARGET_LPC1768\TOOLCHAIN_GCC_CR" -O0 -g3 -Wall -c -fmessage-length=0 -fno-builtin -ffunction-sections -fdata-sections -fno-exceptions -fno-rtti -mcpu=cortex-m3 -mthumb -D__NEWLIB__ -MMD -MP -MF"FaultRecovery/StateMachine.d" -MT"FaultRecovery/StateMachine.o" -MT"FaultRecovery/StateMachine.d" -o "FaultRecovery/StateMachine.o" "../FaultRecovery/StateMachine.cpp"
In file included from ../FaultRecovery/StateMachine.h:22:0,
                 from ../FaultRecovery/StateMachine.cpp:18:
C:\-WeatherStation\EstacaoMet\ConfigFile/ConfigFile.h: In member function 'void ConfigFile::setLongLong(std::string, long long int)':
C:\-WeatherStation\EstacaoMet\ConfigFile/ConfigFile.h:172:33: warning: conversion lacks type at end of format [-Wformat=]
   std::sprintf(buf, "%ll", value);
                                 ^
C:\-WeatherStation\EstacaoMet\ConfigFile/ConfigFile.h:172:33: warning: too many arguments for format [-Wformat-extra-args]
C:\-WeatherStation\EstacaoMet\ConfigFile/ConfigFile.h: In member function 'void ConfigFile::setLongDouble(std::string, long double)':
C:\-WeatherStation\EstacaoMet\ConfigFile/ConfigFile.h:196:32: warning: conversion lacks type at end of format [-Wformat=]
   std::sprintf(buf, "%L", value);
                                ^
C:\-WeatherStation\EstacaoMet\ConfigFile/ConfigFile.h:196:32: warning: too many arguments for format [-Wformat-extra-args]
Finished building: ../FaultRecovery/StateMachine.cpp
 
Building file: ../FaultInjector/FaultInjector.cpp
Invoking: MCU C++ Compiler
arm-none-eabi-c++ -D__NEWLIB__ -D__CODE_RED -DCPP_USE_HEAP -D__CORTEX_M3 -DTOOLCHAIN_GCC -DMBED_BUILD_TIMESTAMP=1456861434.86 -DTOOLCHAIN_GCC_CR -DARM_MATH_CM3 -DTARGET_LIKE_CORTEX_M3 -DTARGET_CORTEX_M -DTARGET_LIKE_MBED -DTARGET_LPC176X -DTARGET_NXP -DTARGET_LPC1768 -DTARGET_M3 -DTARGET_MBED_LPC1768 -D__MBED__=1 -I"C:\-WeatherStation\EstacaoMet" -I"C:\-WeatherStation\EstacaoMet\GPS" -I"C:\-WeatherStation\EstacaoMet\ConfigFile" -I"C:\-WeatherStation\EstacaoMet\Logger" -I"C:\-WeatherStation\EstacaoMet\nRF24L01P" -I"C:\-WeatherStation\EstacaoMet\PowerControl" -I"C:\-WeatherStation\EstacaoMet\SHTx" -I"C:\-WeatherStation\EstacaoMet\mbed" -I"C:\-WeatherStation\EstacaoMet\mbed\TARGET_LPC1768" -I"C:\-WeatherStation\EstacaoMet\mbed\TARGET_LPC1768\TARGET_NXP" -I"C:\-WeatherStation\EstacaoMet\mbed\TARGET_LPC1768\TARGET_NXP\TARGET_LPC176X" -I"C:\-WeatherStation\EstacaoMet\mbed\TARGET_LPC1768\TARGET_NXP\TARGET_LPC176X\TARGET_MBED_LPC1768" -I"C:\-WeatherStation\EstacaoMet\mbed\TARGET_LPC1768\TOOLCHAIN_GCC_CR" -O0 -g3 -Wall -c -fmessage-length=0 -fno-builtin -ffunction-sections -fdata-sections -fno-exceptions -fno-rtti -mcpu=cortex-m3 -mthumb -D__NEWLIB__ -MMD -MP -MF"FaultInjector/FaultInjector.d" -MT"FaultInjector/FaultInjector.o" -MT"FaultInjector/FaultInjector.d" -o "FaultInjector/FaultInjector.o" "../FaultInjector/FaultInjector.cpp"
../FaultInjector/FaultInjector.cpp: In member function 'void FaultInjector::injectFaultFlash(long unsigned int, uint8_t)':
../FaultInjector/FaultInjector.cpp:164:41: warning: cast to pointer from integer of different size [-Wint-to-pointer-cast]
     byte = (unsigned char *) mem[tempMEM];
                                         ^
../FaultInjector/FaultInjector.cpp:184:37: warning: format '%X' expects argument of type 'unsigned int', but argument 2 has type 'char*' [-Wformat=]
            FLASH_SECTOR_SIZE_0_TO_15);
                                     ^
../FaultInjector/FaultInjector.cpp:209:56: warning: format '%X' expects argument of type 'unsigned int', but argument 2 has type 'char*' [-Wformat=]
       mem, sector_start_adress[setorFlash], MEM_SIZE, r);
                                                        ^
../FaultInjector/FaultInjector.cpp:209:56: warning: format '%X' expects argument of type 'unsigned int', but argument 3 has type 'char*' [-Wformat=]
../FaultInjector/FaultInjector.cpp:138:13: warning: variable 'temp' set but not used [-Wunused-but-set-variable]
  int count, temp, position, r;
             ^
../FaultInjector/FaultInjector.cpp:138:19: warning: unused variable 'position' [-Wunused-variable]
  int count, temp, position, r;
                   ^
../FaultInjector/FaultInjector.cpp:140:7: warning: variable 'drawn' set but not used [-Wunused-but-set-variable]
  bool drawn[8]; // bits sorteados (para não alterar o mesmo bit mais de uma vez).
       ^
../FaultInjector/FaultInjector.cpp: In member function 'void FaultInjector::injectFault(long unsigned int, long unsigned int, long unsigned int, uint8_t)':
../FaultInjector/FaultInjector.cpp:249:8: warning: statement has no effect [-Wunused-value]
  str[10];
        ^
../FaultInjector/FaultInjector.cpp: In member function 'void FaultInjector::memdump(char*, int)':
../FaultInjector/FaultInjector.cpp:394:70: warning: format '%X' expects argument of type 'unsigned int', but argument 2 has type 'long unsigned int' [-Wformat=]
  printf("  memdump from 0x%08X for %d bytes", (unsigned long) base, n);
                                                                      ^
../FaultInjector/FaultInjector.cpp: In member function 'void FaultInjector::injectFault(long unsigned int, long unsigned int, long unsigned int, uint8_t)':
../FaultInjector/FaultInjector.cpp:250:31: warning: 'addr' is used uninitialized in this function [-Wuninitialized]
  byte = (unsigned char *) addr;
                               ^
Finished building: ../FaultInjector/FaultInjector.cpp
 
Building file: ../FaultInjector/Utils.cpp
Invoking: MCU C++ Compiler
arm-none-eabi-c++ -D__NEWLIB__ -D__CODE_RED -DCPP_USE_HEAP -D__CORTEX_M3 -DTOOLCHAIN_GCC -DMBED_BUILD_TIMESTAMP=1456861434.86 -DTOOLCHAIN_GCC_CR -DARM_MATH_CM3 -DTARGET_LIKE_CORTEX_M3 -DTARGET_CORTEX_M -DTARGET_LIKE_MBED -DTARGET_LPC176X -DTARGET_NXP -DTARGET_LPC1768 -DTARGET_M3 -DTARGET_MBED_LPC1768 -D__MBED__=1 -I"C:\-WeatherStation\EstacaoMet" -I"C:\-WeatherStation\EstacaoMet\GPS" -I"C:\-WeatherStation\EstacaoMet\ConfigFile" -I"C:\-WeatherStation\EstacaoMet\Logger" -I"C:\-WeatherStation\EstacaoMet\nRF24L01P" -I"C:\-WeatherStation\EstacaoMet\PowerControl" -I"C:\-WeatherStation\EstacaoMet\SHTx" -I"C:\-WeatherStation\EstacaoMet\mbed" -I"C:\-WeatherStation\EstacaoMet\mbed\TARGET_LPC1768" -I"C:\-WeatherStation\EstacaoMet\mbed\TARGET_LPC1768\TARGET_NXP" -I"C:\-WeatherStation\EstacaoMet\mbed\TARGET_LPC1768\TARGET_NXP\TARGET_LPC176X" -I"C:\-WeatherStation\EstacaoMet\mbed\TARGET_LPC1768\TARGET_NXP\TARGET_LPC176X\TARGET_MBED_LPC1768" -I"C:\-WeatherStation\EstacaoMet\mbed\TARGET_LPC1768\TOOLCHAIN_GCC_CR" -O0 -g3 -Wall -c -fmessage-length=0 -fno-builtin -ffunction-sections -fdata-sections -fno-exceptions -fno-rtti -mcpu=cortex-m3 -mthumb -D__NEWLIB__ -MMD -MP -MF"FaultInjector/Utils.d" -MT"FaultInjector/Utils.o" -MT"FaultInjector/Utils.d" -o "FaultInjector/Utils.o" "../FaultInjector/Utils.cpp"
Finished building: ../FaultInjector/Utils.cpp
 
Building file: ../ConfigFile/ConfigFile.cpp
Invoking: MCU C++ Compiler
arm-none-eabi-c++ -D__NEWLIB__ -D__CODE_RED -DCPP_USE_HEAP -D__CORTEX_M3 -DTOOLCHAIN_GCC -DMBED_BUILD_TIMESTAMP=1456861434.86 -DTOOLCHAIN_GCC_CR -DARM_MATH_CM3 -DTARGET_LIKE_CORTEX_M3 -DTARGET_CORTEX_M -DTARGET_LIKE_MBED -DTARGET_LPC176X -DTARGET_NXP -DTARGET_LPC1768 -DTARGET_M3 -DTARGET_MBED_LPC1768 -D__MBED__=1 -I"C:\-WeatherStation\EstacaoMet" -I"C:\-WeatherStation\EstacaoMet\GPS" -I"C:\-WeatherStation\EstacaoMet\ConfigFile" -I"C:\-WeatherStation\EstacaoMet\Logger" -I"C:\-WeatherStation\EstacaoMet\nRF24L01P" -I"C:\-WeatherStation\EstacaoMet\PowerControl" -I"C:\-WeatherStation\EstacaoMet\SHTx" -I"C:\-WeatherStation\EstacaoMet\mbed" -I"C:\-WeatherStation\EstacaoMet\mbed\TARGET_LPC1768" -I"C:\-WeatherStation\EstacaoMet\mbed\TARGET_LPC1768\TARGET_NXP" -I"C:\-WeatherStation\EstacaoMet\mbed\TARGET_LPC1768\TARGET_NXP\TARGET_LPC176X" -I"C:\-WeatherStation\EstacaoMet\mbed\TARGET_LPC1768\TARGET_NXP\TARGET_LPC176X\TARGET_MBED_LPC1768" -I"C:\-WeatherStation\EstacaoMet\mbed\TARGET_LPC1768\TOOLCHAIN_GCC_CR" -O0 -g3 -Wall -c -fmessage-length=0 -fno-builtin -ffunction-sections -fdata-sections -fno-exceptions -fno-rtti -mcpu=cortex-m3 -mthumb -D__NEWLIB__ -MMD -MP -MF"ConfigFile/ConfigFile.d" -MT"ConfigFile/ConfigFile.o" -MT"ConfigFile/ConfigFile.d" -o "ConfigFile/ConfigFile.o" "../ConfigFile/ConfigFile.cpp"
Finished building: ../ConfigFile/ConfigFile.cpp
 
Building file: ../ConfigFile/ConfigList.cpp
Invoking: MCU C++ Compiler
arm-none-eabi-c++ -D__NEWLIB__ -D__CODE_RED -DCPP_USE_HEAP -D__CORTEX_M3 -DTOOLCHAIN_GCC -DMBED_BUILD_TIMESTAMP=1456861434.86 -DTOOLCHAIN_GCC_CR -DARM_MATH_CM3 -DTARGET_LIKE_CORTEX_M3 -DTARGET_CORTEX_M -DTARGET_LIKE_MBED -DTARGET_LPC176X -DTARGET_NXP -DTARGET_LPC1768 -DTARGET_M3 -DTARGET_MBED_LPC1768 -D__MBED__=1 -I"C:\-WeatherStation\EstacaoMet" -I"C:\-WeatherStation\EstacaoMet\GPS" -I"C:\-WeatherStation\EstacaoMet\ConfigFile" -I"C:\-WeatherStation\EstacaoMet\Logger" -I"C:\-WeatherStation\EstacaoMet\nRF24L01P" -I"C:\-WeatherStation\EstacaoMet\PowerControl" -I"C:\-WeatherStation\EstacaoMet\SHTx" -I"C:\-WeatherStation\EstacaoMet\mbed" -I"C:\-WeatherStation\EstacaoMet\mbed\TARGET_LPC1768" -I"C:\-WeatherStation\EstacaoMet\mbed\TARGET_LPC1768\TARGET_NXP" -I"C:\-WeatherStation\EstacaoMet\mbed\TARGET_LPC1768\TARGET_NXP\TARGET_LPC176X" -I"C:\-WeatherStation\EstacaoMet\mbed\TARGET_LPC1768\TARGET_NXP\TARGET_LPC176X\TARGET_MBED_LPC1768" -I"C:\-WeatherStation\EstacaoMet\mbed\TARGET_LPC1768\TOOLCHAIN_GCC_CR" -O0 -g3 -Wall -c -fmessage-length=0 -fno-builtin -ffunction-sections -fdata-sections -fno-exceptions -fno-rtti -mcpu=cortex-m3 -mthumb -D__NEWLIB__ -MMD -MP -MF"ConfigFile/ConfigList.d" -MT"ConfigFile/ConfigList.o" -MT"ConfigFile/ConfigList.d" -o "ConfigFile/ConfigList.o" "../ConfigFile/ConfigList.cpp"
Finished building: ../ConfigFile/ConfigList.cpp
 
Building file: ../FrequencyCounter.cpp
Invoking: MCU C++ Compiler
arm-none-eabi-c++ -D__NEWLIB__ -D__CODE_RED -DCPP_USE_HEAP -D__CORTEX_M3 -DTOOLCHAIN_GCC -DMBED_BUILD_TIMESTAMP=1456861434.86 -DTOOLCHAIN_GCC_CR -DARM_MATH_CM3 -DTARGET_LIKE_CORTEX_M3 -DTARGET_CORTEX_M -DTARGET_LIKE_MBED -DTARGET_LPC176X -DTARGET_NXP -DTARGET_LPC1768 -DTARGET_M3 -DTARGET_MBED_LPC1768 -D__MBED__=1 -I"C:\-WeatherStation\EstacaoMet" -I"C:\-WeatherStation\EstacaoMet\GPS" -I"C:\-WeatherStation\EstacaoMet\ConfigFile" -I"C:\-WeatherStation\EstacaoMet\Logger" -I"C:\-WeatherStation\EstacaoMet\nRF24L01P" -I"C:\-WeatherStation\EstacaoMet\PowerControl" -I"C:\-WeatherStation\EstacaoMet\SHTx" -I"C:\-WeatherStation\EstacaoMet\mbed" -I"C:\-WeatherStation\EstacaoMet\mbed\TARGET_LPC1768" -I"C:\-WeatherStation\EstacaoMet\mbed\TARGET_LPC1768\TARGET_NXP" -I"C:\-WeatherStation\EstacaoMet\mbed\TARGET_LPC1768\TARGET_NXP\TARGET_LPC176X" -I"C:\-WeatherStation\EstacaoMet\mbed\TARGET_LPC1768\TARGET_NXP\TARGET_LPC176X\TARGET_MBED_LPC1768" -I"C:\-WeatherStation\EstacaoMet\mbed\TARGET_LPC1768\TOOLCHAIN_GCC_CR" -O0 -g3 -Wall -c -fmessage-length=0 -fno-builtin -ffunction-sections -fdata-sections -fno-exceptions -fno-rtti -mcpu=cortex-m3 -mthumb -D__NEWLIB__ -MMD -MP -MF"FrequencyCounter.d" -MT"FrequencyCounter.o" -MT"FrequencyCounter.d" -o "FrequencyCounter.o" "../FrequencyCounter.cpp"
Finished building: ../FrequencyCounter.cpp
 
Building file: ../PulseIn.cpp
Invoking: MCU C++ Compiler
arm-none-eabi-c++ -D__NEWLIB__ -D__CODE_RED -DCPP_USE_HEAP -D__CORTEX_M3 -DTOOLCHAIN_GCC -DMBED_BUILD_TIMESTAMP=1456861434.86 -DTOOLCHAIN_GCC_CR -DARM_MATH_CM3 -DTARGET_LIKE_CORTEX_M3 -DTARGET_CORTEX_M -DTARGET_LIKE_MBED -DTARGET_LPC176X -DTARGET_NXP -DTARGET_LPC1768 -DTARGET_M3 -DTARGET_MBED_LPC1768 -D__MBED__=1 -I"C:\-WeatherStation\EstacaoMet" -I"C:\-WeatherStation\EstacaoMet\GPS" -I"C:\-WeatherStation\EstacaoMet\ConfigFile" -I"C:\-WeatherStation\EstacaoMet\Logger" -I"C:\-WeatherStation\EstacaoMet\nRF24L01P" -I"C:\-WeatherStation\EstacaoMet\PowerControl" -I"C:\-WeatherStation\EstacaoMet\SHTx" -I"C:\-WeatherStation\EstacaoMet\mbed" -I"C:\-WeatherStation\EstacaoMet\mbed\TARGET_LPC1768" -I"C:\-WeatherStation\EstacaoMet\mbed\TARGET_LPC1768\TARGET_NXP" -I"C:\-WeatherStation\EstacaoMet\mbed\TARGET_LPC1768\TARGET_NXP\TARGET_LPC176X" -I"C:\-WeatherStation\EstacaoMet\mbed\TARGET_LPC1768\TARGET_NXP\TARGET_LPC176X\TARGET_MBED_LPC1768" -I"C:\-WeatherStation\EstacaoMet\mbed\TARGET_LPC1768\TOOLCHAIN_GCC_CR" -O0 -g3 -Wall -c -fmessage-length=0 -fno-builtin -ffunction-sections -fdata-sections -fno-exceptions -fno-rtti -mcpu=cortex-m3 -mthumb -D__NEWLIB__ -MMD -MP -MF"PulseIn.d" -MT"PulseIn.o" -MT"PulseIn.d" -o "PulseIn.o" "../PulseIn.cpp"
Finished building: ../PulseIn.cpp
 
Building file: ../ReadingData.cpp
Invoking: MCU C++ Compiler
arm-none-eabi-c++ -D__NEWLIB__ -D__CODE_RED -DCPP_USE_HEAP -D__CORTEX_M3 -DTOOLCHAIN_GCC -DMBED_BUILD_TIMESTAMP=1456861434.86 -DTOOLCHAIN_GCC_CR -DARM_MATH_CM3 -DTARGET_LIKE_CORTEX_M3 -DTARGET_CORTEX_M -DTARGET_LIKE_MBED -DTARGET_LPC176X -DTARGET_NXP -DTARGET_LPC1768 -DTARGET_M3 -DTARGET_MBED_LPC1768 -D__MBED__=1 -I"C:\-WeatherStation\EstacaoMet" -I"C:\-WeatherStation\EstacaoMet\GPS" -I"C:\-WeatherStation\EstacaoMet\ConfigFile" -I"C:\-WeatherStation\EstacaoMet\Logger" -I"C:\-WeatherStation\EstacaoMet\nRF24L01P" -I"C:\-WeatherStation\EstacaoMet\PowerControl" -I"C:\-WeatherStation\EstacaoMet\SHTx" -I"C:\-WeatherStation\EstacaoMet\mbed" -I"C:\-WeatherStation\EstacaoMet\mbed\TARGET_LPC1768" -I"C:\-WeatherStation\EstacaoMet\mbed\TARGET_LPC1768\TARGET_NXP" -I"C:\-WeatherStation\EstacaoMet\mbed\TARGET_LPC1768\TARGET_NXP\TARGET_LPC176X" -I"C:\-WeatherStation\EstacaoMet\mbed\TARGET_LPC1768\TARGET_NXP\TARGET_LPC176X\TARGET_MBED_LPC1768" -I"C:\-WeatherStation\EstacaoMet\mbed\TARGET_LPC1768\TOOLCHAIN_GCC_CR" -O0 -g3 -Wall -c -fmessage-length=0 -fno-builtin -ffunction-sections -fdata-sections -fno-exceptions -fno-rtti -mcpu=cortex-m3 -mthumb -D__NEWLIB__ -MMD -MP -MF"ReadingData.d" -MT"ReadingData.o" -MT"ReadingData.d" -o "ReadingData.o" "../ReadingData.cpp"
Finished building: ../ReadingData.cpp
 
Building file: ../Watchdog.cpp
Invoking: MCU C++ Compiler
arm-none-eabi-c++ -D__NEWLIB__ -D__CODE_RED -DCPP_USE_HEAP -D__CORTEX_M3 -DTOOLCHAIN_GCC -DMBED_BUILD_TIMESTAMP=1456861434.86 -DTOOLCHAIN_GCC_CR -DARM_MATH_CM3 -DTARGET_LIKE_CORTEX_M3 -DTARGET_CORTEX_M -DTARGET_LIKE_MBED -DTARGET_LPC176X -DTARGET_NXP -DTARGET_LPC1768 -DTARGET_M3 -DTARGET_MBED_LPC1768 -D__MBED__=1 -I"C:\-WeatherStation\EstacaoMet" -I"C:\-WeatherStation\EstacaoMet\GPS" -I"C:\-WeatherStation\EstacaoMet\ConfigFile" -I"C:\-WeatherStation\EstacaoMet\Logger" -I"C:\-WeatherStation\EstacaoMet\nRF24L01P" -I"C:\-WeatherStation\EstacaoMet\PowerControl" -I"C:\-WeatherStation\EstacaoMet\SHTx" -I"C:\-WeatherStation\EstacaoMet\mbed" -I"C:\-WeatherStation\EstacaoMet\mbed\TARGET_LPC1768" -I"C:\-WeatherStation\EstacaoMet\mbed\TARGET_LPC1768\TARGET_NXP" -I"C:\-WeatherStation\EstacaoMet\mbed\TARGET_LPC1768\TARGET_NXP\TARGET_LPC176X" -I"C:\-WeatherStation\EstacaoMet\mbed\TARGET_LPC1768\TARGET_NXP\TARGET_LPC176X\TARGET_MBED_LPC1768" -I"C:\-WeatherStation\EstacaoMet\mbed\TARGET_LPC1768\TOOLCHAIN_GCC_CR" -O0 -g3 -Wall -c -fmessage-length=0 -fno-builtin -ffunction-sections -fdata-sections -fno-exceptions -fno-rtti -mcpu=cortex-m3 -mthumb -D__NEWLIB__ -MMD -MP -MF"Watchdog.d" -MT"Watchdog.o" -MT"Watchdog.d" -o "Watchdog.o" "../Watchdog.cpp"
Finished building: ../Watchdog.cpp
 
Building file: ../WeatherStation.cpp
Invoking: MCU C++ Compiler
arm-none-eabi-c++ -D__NEWLIB__ -D__CODE_RED -DCPP_USE_HEAP -D__CORTEX_M3 -DTOOLCHAIN_GCC -DMBED_BUILD_TIMESTAMP=1456861434.86 -DTOOLCHAIN_GCC_CR -DARM_MATH_CM3 -DTARGET_LIKE_CORTEX_M3 -DTARGET_CORTEX_M -DTARGET_LIKE_MBED -DTARGET_LPC176X -DTARGET_NXP -DTARGET_LPC1768 -DTARGET_M3 -DTARGET_MBED_LPC1768 -D__MBED__=1 -I"C:\-WeatherStation\EstacaoMet" -I"C:\-WeatherStation\EstacaoMet\GPS" -I"C:\-WeatherStation\EstacaoMet\ConfigFile" -I"C:\-WeatherStation\EstacaoMet\Logger" -I"C:\-WeatherStation\EstacaoMet\nRF24L01P" -I"C:\-WeatherStation\EstacaoMet\PowerControl" -I"C:\-WeatherStation\EstacaoMet\SHTx" -I"C:\-WeatherStation\EstacaoMet\mbed" -I"C:\-WeatherStation\EstacaoMet\mbed\TARGET_LPC1768" -I"C:\-WeatherStation\EstacaoMet\mbed\TARGET_LPC1768\TARGET_NXP" -I"C:\-WeatherStation\EstacaoMet\mbed\TARGET_LPC1768\TARGET_NXP\TARGET_LPC176X" -I"C:\-WeatherStation\EstacaoMet\mbed\TARGET_LPC1768\TARGET_NXP\TARGET_LPC176X\TARGET_MBED_LPC1768" -I"C:\-WeatherStation\EstacaoMet\mbed\TARGET_LPC1768\TOOLCHAIN_GCC_CR" -O0 -g3 -Wall -c -fmessage-length=0 -fno-builtin -ffunction-sections -fdata-sections -fno-exceptions -fno-rtti -mcpu=cortex-m3 -mthumb -D__NEWLIB__ -MMD -MP -MF"WeatherStation.d" -MT"WeatherStation.o" -MT"WeatherStation.d" -o "WeatherStation.o" "../WeatherStation.cpp"
In file included from C:\-WeatherStation\EstacaoMet/WeatherStation.h:12:0,
                 from ../WeatherStation.cpp:8:
C:\-WeatherStation\EstacaoMet\ConfigFile/ConfigFile.h: In member function 'void ConfigFile::setLongLong(std::string, long long int)':
C:\-WeatherStation\EstacaoMet\ConfigFile/ConfigFile.h:172:33: warning: conversion lacks type at end of format [-Wformat=]
   std::sprintf(buf, "%ll", value);
                                 ^
C:\-WeatherStation\EstacaoMet\ConfigFile/ConfigFile.h:172:33: warning: too many arguments for format [-Wformat-extra-args]
C:\-WeatherStation\EstacaoMet\ConfigFile/ConfigFile.h: In member function 'void ConfigFile::setLongDouble(std::string, long double)':
C:\-WeatherStation\EstacaoMet\ConfigFile/ConfigFile.h:196:32: warning: conversion lacks type at end of format [-Wformat=]
   std::sprintf(buf, "%L", value);
                                ^
C:\-WeatherStation\EstacaoMet\ConfigFile/ConfigFile.h:196:32: warning: too many arguments for format [-Wformat-extra-args]
In file included from C:\-WeatherStation\EstacaoMet/FaultInjector/FaultInjector.h:12:0,
                 from C:\-WeatherStation\EstacaoMet/WeatherStation.h:25,
                 from ../WeatherStation.cpp:8:
C:\-WeatherStation\EstacaoMet/IAP/IAP.h: At global scope:
C:\-WeatherStation\EstacaoMet/IAP/IAP.h:121:15: warning: 'sector_start_adress' defined but not used [-Wunused-variable]
 static char * sector_start_adress[]    = {
               ^
Finished building: ../WeatherStation.cpp
 
Building file: ../WeatherStationConfig.cpp
Invoking: MCU C++ Compiler
arm-none-eabi-c++ -D__NEWLIB__ -D__CODE_RED -DCPP_USE_HEAP -D__CORTEX_M3 -DTOOLCHAIN_GCC -DMBED_BUILD_TIMESTAMP=1456861434.86 -DTOOLCHAIN_GCC_CR -DARM_MATH_CM3 -DTARGET_LIKE_CORTEX_M3 -DTARGET_CORTEX_M -DTARGET_LIKE_MBED -DTARGET_LPC176X -DTARGET_NXP -DTARGET_LPC1768 -DTARGET_M3 -DTARGET_MBED_LPC1768 -D__MBED__=1 -I"C:\-WeatherStation\EstacaoMet" -I"C:\-WeatherStation\EstacaoMet\GPS" -I"C:\-WeatherStation\EstacaoMet\ConfigFile" -I"C:\-WeatherStation\EstacaoMet\Logger" -I"C:\-WeatherStation\EstacaoMet\nRF24L01P" -I"C:\-WeatherStation\EstacaoMet\PowerControl" -I"C:\-WeatherStation\EstacaoMet\SHTx" -I"C:\-WeatherStation\EstacaoMet\mbed" -I"C:\-WeatherStation\EstacaoMet\mbed\TARGET_LPC1768" -I"C:\-WeatherStation\EstacaoMet\mbed\TARGET_LPC1768\TARGET_NXP" -I"C:\-WeatherStation\EstacaoMet\mbed\TARGET_LPC1768\TARGET_NXP\TARGET_LPC176X" -I"C:\-WeatherStation\EstacaoMet\mbed\TARGET_LPC1768\TARGET_NXP\TARGET_LPC176X\TARGET_MBED_LPC1768" -I"C:\-WeatherStation\EstacaoMet\mbed\TARGET_LPC1768\TOOLCHAIN_GCC_CR" -O0 -g3 -Wall -c -fmessage-length=0 -fno-builtin -ffunction-sections -fdata-sections -fno-exceptions -fno-rtti -mcpu=cortex-m3 -mthumb -D__NEWLIB__ -MMD -MP -MF"WeatherStationConfig.d" -MT"WeatherStationConfig.o" -MT"WeatherStationConfig.d" -o "WeatherStationConfig.o" "../WeatherStationConfig.cpp"
Finished building: ../WeatherStationConfig.cpp
 
Building file: ../Wetting.cpp
Invoking: MCU C++ Compiler
arm-none-eabi-c++ -D__NEWLIB__ -D__CODE_RED -DCPP_USE_HEAP -D__CORTEX_M3 -DTOOLCHAIN_GCC -DMBED_BUILD_TIMESTAMP=1456861434.86 -DTOOLCHAIN_GCC_CR -DARM_MATH_CM3 -DTARGET_LIKE_CORTEX_M3 -DTARGET_CORTEX_M -DTARGET_LIKE_MBED -DTARGET_LPC176X -DTARGET_NXP -DTARGET_LPC1768 -DTARGET_M3 -DTARGET_MBED_LPC1768 -D__MBED__=1 -I"C:\-WeatherStation\EstacaoMet" -I"C:\-WeatherStation\EstacaoMet\GPS" -I"C:\-WeatherStation\EstacaoMet\ConfigFile" -I"C:\-WeatherStation\EstacaoMet\Logger" -I"C:\-WeatherStation\EstacaoMet\nRF24L01P" -I"C:\-WeatherStation\EstacaoMet\PowerControl" -I"C:\-WeatherStation\EstacaoMet\SHTx" -I"C:\-WeatherStation\EstacaoMet\mbed" -I"C:\-WeatherStation\EstacaoMet\mbed\TARGET_LPC1768" -I"C:\-WeatherStation\EstacaoMet\mbed\TARGET_LPC1768\TARGET_NXP" -I"C:\-WeatherStation\EstacaoMet\mbed\TARGET_LPC1768\TARGET_NXP\TARGET_LPC176X" -I"C:\-WeatherStation\EstacaoMet\mbed\TARGET_LPC1768\TARGET_NXP\TARGET_LPC176X\TARGET_MBED_LPC1768" -I"C:\-WeatherStation\EstacaoMet\mbed\TARGET_LPC1768\TOOLCHAIN_GCC_CR" -O0 -g3 -Wall -c -fmessage-length=0 -fno-builtin -ffunction-sections -fdata-sections -fno-exceptions -fno-rtti -mcpu=cortex-m3 -mthumb -D__NEWLIB__ -MMD -MP -MF"Wetting.d" -MT"Wetting.o" -MT"Wetting.d" -o "Wetting.o" "../Wetting.cpp"
Finished building: ../Wetting.cpp
 
Building file: ../main.cpp
Invoking: MCU C++ Compiler
arm-none-eabi-c++ -D__NEWLIB__ -D__CODE_RED -DCPP_USE_HEAP -D__CORTEX_M3 -DTOOLCHAIN_GCC -DMBED_BUILD_TIMESTAMP=1456861434.86 -DTOOLCHAIN_GCC_CR -DARM_MATH_CM3 -DTARGET_LIKE_CORTEX_M3 -DTARGET_CORTEX_M -DTARGET_LIKE_MBED -DTARGET_LPC176X -DTARGET_NXP -DTARGET_LPC1768 -DTARGET_M3 -DTARGET_MBED_LPC1768 -D__MBED__=1 -I"C:\-WeatherStation\EstacaoMet" -I"C:\-WeatherStation\EstacaoMet\GPS" -I"C:\-WeatherStation\EstacaoMet\ConfigFile" -I"C:\-WeatherStation\EstacaoMet\Logger" -I"C:\-WeatherStation\EstacaoMet\nRF24L01P" -I"C:\-WeatherStation\EstacaoMet\PowerControl" -I"C:\-WeatherStation\EstacaoMet\SHTx" -I"C:\-WeatherStation\EstacaoMet\mbed" -I"C:\-WeatherStation\EstacaoMet\mbed\TARGET_LPC1768" -I"C:\-WeatherStation\EstacaoMet\mbed\TARGET_LPC1768\TARGET_NXP" -I"C:\-WeatherStation\EstacaoMet\mbed\TARGET_LPC1768\TARGET_NXP\TARGET_LPC176X" -I"C:\-WeatherStation\EstacaoMet\mbed\TARGET_LPC1768\TARGET_NXP\TARGET_LPC176X\TARGET_MBED_LPC1768" -I"C:\-WeatherStation\EstacaoMet\mbed\TARGET_LPC1768\TOOLCHAIN_GCC_CR" -O0 -g3 -Wall -c -fmessage-length=0 -fno-builtin -ffunction-sections -fdata-sections -fno-exceptions -fno-rtti -mcpu=cortex-m3 -mthumb -D__NEWLIB__ -MMD -MP -MF"main.d" -MT"main.o" -MT"main.d" -o "main.o" "../main.cpp"
In file included from ../WeatherStation.h:12:0,
                 from ../main.cpp:2:
C:\-WeatherStation\EstacaoMet\ConfigFile/ConfigFile.h: In member function 'void ConfigFile::setLongLong(std::string, long long int)':
C:\-WeatherStation\EstacaoMet\ConfigFile/ConfigFile.h:172:33: warning: conversion lacks type at end of format [-Wformat=]
   std::sprintf(buf, "%ll", value);
                                 ^
C:\-WeatherStation\EstacaoMet\ConfigFile/ConfigFile.h:172:33: warning: too many arguments for format [-Wformat-extra-args]
C:\-WeatherStation\EstacaoMet\ConfigFile/ConfigFile.h: In member function 'void ConfigFile::setLongDouble(std::string, long double)':
C:\-WeatherStation\EstacaoMet\ConfigFile/ConfigFile.h:196:32: warning: conversion lacks type at end of format [-Wformat=]
   std::sprintf(buf, "%L", value);
                                ^
C:\-WeatherStation\EstacaoMet\ConfigFile/ConfigFile.h:196:32: warning: too many arguments for format [-Wformat-extra-args]
In file included from ../FaultInjector/FaultInjector.h:12:0,
                 from ../WeatherStation.h:25,
                 from ../main.cpp:2:
C:\-WeatherStation\EstacaoMet/IAP/IAP.h: At global scope:
C:\-WeatherStation\EstacaoMet/IAP/IAP.h:121:15: warning: 'sector_start_adress' defined but not used [-Wunused-variable]
 static char * sector_start_adress[]    = {
               ^
Finished building: ../main.cpp
 
Building target: EstacaoMet.axf
Invoking: MCU C++ Linker
arm-none-eabi-c++ -nostdlib -L"C:\-WeatherStation\EstacaoMet" -L"C:\-WeatherStation\EstacaoMet\GPS" -L"C:\-WeatherStation\EstacaoMet\ConfigFile" -L"C:\-WeatherStation\EstacaoMet\Logger" -L"C:\-WeatherStation\EstacaoMet\nRF24L01P" -L"C:\-WeatherStation\EstacaoMet\PowerControl" -L"C:\-WeatherStation\EstacaoMet\SHTx" -L"C:\-WeatherStation\EstacaoMet\mbed" -L"C:\-WeatherStation\EstacaoMet\mbed\TARGET_LPC1768" -L"C:\-WeatherStation\EstacaoMet\mbed\TARGET_LPC1768\TARGET_NXP" -L"C:\-WeatherStation\EstacaoMet\mbed\TARGET_LPC1768\TARGET_NXP\TARGET_LPC176X" -L"C:\-WeatherStation\EstacaoMet\mbed\TARGET_LPC1768\TARGET_NXP\TARGET_LPC176X\TARGET_MBED_LPC1768" -L"C:\-WeatherStation\EstacaoMet\mbed\TARGET_LPC1768\TOOLCHAIN_GCC_CR" -Xlinker -Map="EstacaoMet.map" -Xlinker --gc-sections -mcpu=cortex-m3 -mthumb -T "C:\-WeatherStation\EstacaoMet\mbed\TARGET_LPC1768\TOOLCHAIN_GCC_CR\LPC1768.ld" -o "EstacaoMet.axf"  ./nRF24L01P/nRF24L01P.o  ./StateMachine/StateMachine.o  ./SHTx/i2c.o ./SHTx/sht15.o  ./ResultStateInjector/Main.o ./ResultStateInjector/ResultStateWTApp.o  ./PowerControl/EthernetPowerControl.o  ./Logger/Logger.o  ./IAP/IAP.o  ./GPS/GPS.o  ./FaultRecovery/ParkingApp.o ./FaultRecovery/StateMachine.o  ./FaultInjector/FaultInjector.o ./FaultInjector/Utils.o  ./ConfigFile/ConfigFile.o ./ConfigFile/ConfigList.o  ./FrequencyCounter.o ./PulseIn.o ./ReadingData.o ./Watchdog.o ./WeatherStation.o ./WeatherStationConfig.o ./Wetting.o ./main.o  C:/-WeatherStation/EstacaoMet/mbed/TARGET_LPC1768/TOOLCHAIN_GCC_CR/board.o C:/-WeatherStation/EstacaoMet/mbed/TARGET_LPC1768/TOOLCHAIN_GCC_CR/cmsis_nvic.o C:/-WeatherStation/EstacaoMet/mbed/TARGET_LPC1768/TOOLCHAIN_GCC_CR/retarget.o C:/-WeatherStation/EstacaoMet/mbed/TARGET_LPC1768/TOOLCHAIN_GCC_CR/startup_LPC17xx.o C:/-WeatherStation/EstacaoMet/mbed/TARGET_LPC1768/TOOLCHAIN_GCC_CR/system_LPC17xx.o -lmbed
Finished building target: EstacaoMet.axf
 
/usr/bin/make --no-print-directory post-build
Performing post-build steps
arm-none-eabi-size "EstacaoMet.axf"; arm-none-eabi-objcopy -O binary "EstacaoMet.axf" "EstacaoMet.bin" ; # checksum -p LPC1768 -d "EstacaoMet.bin";
   text	   data	    bss	    dec	    hex	filename
 236652	   2452	  16772	 255876	  3e784	EstacaoMet.axf
 

21:43:06 Build Finished (took 3m:2s.347ms)

